\BOOKMARK [1][-]{section*.1}{\376\377\000L\000E\000M\000B\000A\000R\000\040\000P\000E\000N\000G\000E\000S\000A\000H\000A\000N}{}% 1
\BOOKMARK [1][-]{section*.2}{\376\377\000S\000U\000R\000A\000T\000\040\000P\000E\000R\000N\000Y\000A\000T\000A\000A\000N\000\040\000O\000R\000I\000S\000I\000N\000A\000L\000I\000T\000A\000S\000\040\000K\000A\000R\000Y\000A}{}% 2
\BOOKMARK [1][-]{section*.3}{\376\377\000K\000A\000T\000A\000\040\000P\000E\000N\000G\000A\000N\000T\000A\000R}{}% 3
\BOOKMARK [1][-]{section*.3}{\376\377\000D\000A\000F\000T\000A\000R\000\040\000I\000S\000I}{}% 4
\BOOKMARK [1][-]{section*.3}{\376\377\000D\000A\000F\000T\000A\000R\000\040\000T\000A\000B\000E\000L}{}% 5
\BOOKMARK [1][-]{section*.3}{\376\377\000D\000A\000F\000T\000A\000R\000\040\000G\000A\000M\000B\000A\000R}{}% 6
\BOOKMARK [1][-]{section*.3}{\376\377\000A\000B\000S\000T\000R\000A\000K}{}% 7
\BOOKMARK [1][-]{section*.4}{\376\377\000B\000A\000B\000\040\000I\000\040\000P\000E\000N\000D\000A\000H\000U\000L\000U\000A\000N}{}% 8
\BOOKMARK [2][-]{subsection.1.1}{\376\377\000L\000a\000t\000a\000r\000\040\000B\000e\000l\000a\000k\000a\000n\000g}{section*.4}% 9
\BOOKMARK [2][-]{subsection.1.2}{\376\377\000R\000u\000m\000u\000s\000a\000n\000\040\000M\000a\000s\000a\000l\000a\000h}{section*.4}% 10
\BOOKMARK [2][-]{subsection.1.3}{\376\377\000T\000u\000j\000u\000a\000n\000\040\000d\000a\000n\000\040\000M\000a\000n\000f\000a\000a\000t}{section*.4}% 11
\BOOKMARK [2][-]{subsection.1.4}{\376\377\000H\000i\000p\000o\000t\000e\000s\000i\000s}{section*.4}% 12
\BOOKMARK [2][-]{subsection.1.5}{\376\377\000T\000i\000n\000j\000a\000u\000a\000n\000\040\000P\000u\000s\000t\000a\000k\000a}{section*.4}% 13
\BOOKMARK [1][-]{section*.5}{\376\377\000B\000A\000B\000\040\000I\000I\000\040\000S\000T\000U\000D\000I\000\040\000K\000A\000S\000U\000S}{}% 14
\BOOKMARK [2][-]{subsection.1.6}{\376\377\000S\000p\000e\000s\000i\000f\000i\000k\000a\000s\000i\000\040\000P\000r\000o\000g\000r\000a\000m}{section*.5}% 15
\BOOKMARK [1][-]{section*.6}{\376\377\000B\000A\000B\000\040\000I\000I\000I\000\040\000H\000A\000S\000I\000L\000\040\000D\000A\000N\000\040\000P\000E\000M\000B\000A\000H\000A\000S\000A\000N}{}% 16
\BOOKMARK [1][-]{section*.7}{\376\377\000B\000A\000B\000\040\000I\000V\000\040\000K\000E\000S\000I\000M\000P\000U\000L\000A\000N}{}% 17
\BOOKMARK [2][-]{subsection.4.1}{\376\377\000K\000e\000s\000i\000m\000p\000u\000l\000a\000n}{section*.7}% 18
\BOOKMARK [2][-]{subsection.4.2}{\376\377\000S\000a\000r\000a\000n}{section*.7}% 19
\BOOKMARK [1][-]{section*.8}{\376\377\000D\000A\000F\000T\000A\000R\000\040\000P\000U\000S\000T\000A\000K\000A}{}% 20
\BOOKMARK [1][-]{section*.9}{\376\377\000L\000A\000M\000P\000I\000R\000A\000N}{}% 21
\BOOKMARK [2][-]{subsection.1.1}{\376\377\000B\000i\000o\000d\000a\000t\000a\000\040\000K\000e\000t\000u\000a\000\040\000T\000i\000m}{section*.9}% 22
\BOOKMARK [2][-]{subsection.1.2}{\376\377\000B\000i\000o\000d\000a\000t\000a\000\040\000A\000n\000g\000g\000o\000t\000a\000\040\0002}{section*.9}% 23
\BOOKMARK [2][-]{subsection.1.3}{\376\377\000B\000i\000o\000d\000a\000t\000a\000\040\000A\000n\000g\000g\000o\000t\000a\000\040\0003}{section*.9}% 24
